  Slime.cpp
c:\users\daimen\documents\visual studio 2015\projects\gameengine\gameengine\slime.cpp(7): warning C4244: 'argument': conversion from 'time_t' to 'int', possible loss of data
c:\users\daimen\documents\visual studio 2015\projects\gameengine\gameengine\slime.cpp(8): warning C4244: '=': conversion from 'float' to 'int', possible loss of data
c:\users\daimen\documents\visual studio 2015\projects\gameengine\gameengine\slime.cpp(9): warning C4244: '=': conversion from 'float' to 'int', possible loss of data
c:\users\daimen\documents\visual studio 2015\projects\gameengine\gameengine\slime.cpp(12): warning C4305: '=': truncation from 'double' to 'float'
c:\users\daimen\documents\visual studio 2015\projects\gameengine\gameengine\slime.cpp(62): warning C4305: '=': truncation from 'double' to 'float'
c:\users\daimen\documents\visual studio 2015\projects\gameengine\gameengine\slime.cpp(64): warning C4305: '=': truncation from 'double' to 'float'
c:\users\daimen\documents\visual studio 2015\projects\gameengine\gameengine\slime.cpp(66): warning C4305: '=': truncation from 'double' to 'float'
c:\users\daimen\documents\visual studio 2015\projects\gameengine\gameengine\slime.cpp(68): warning C4305: '=': truncation from 'double' to 'float'
c:\users\daimen\documents\visual studio 2015\projects\gameengine\gameengine\slime.cpp(101): warning C4244: '=': conversion from 'int' to 'float', possible loss of data
c:\users\daimen\documents\visual studio 2015\projects\gameengine\gameengine\slime.cpp(110): warning C4244: '=': conversion from 'int' to 'float', possible loss of data
  InputController.cpp
  Generating Code...
  Compiling...
  main.cpp
  Player.cpp
c:\users\daimen\documents\visual studio 2015\projects\gameengine\gameengine\player.cpp(26): warning C4305: 'argument': truncation from 'double' to 'float'
c:\users\daimen\documents\visual studio 2015\projects\gameengine\gameengine\player.cpp(27): warning C4305: 'argument': truncation from 'double' to 'float'
c:\users\daimen\documents\visual studio 2015\projects\gameengine\gameengine\player.cpp(28): warning C4305: 'argument': truncation from 'double' to 'float'
c:\users\daimen\documents\visual studio 2015\projects\gameengine\gameengine\player.cpp(29): warning C4305: 'argument': truncation from 'double' to 'float'
c:\users\daimen\documents\visual studio 2015\projects\gameengine\gameengine\player.cpp(30): warning C4305: 'argument': truncation from 'double' to 'float'
c:\users\daimen\documents\visual studio 2015\projects\gameengine\gameengine\player.cpp(31): warning C4305: 'argument': truncation from 'double' to 'float'
c:\users\daimen\documents\visual studio 2015\projects\gameengine\gameengine\player.cpp(32): warning C4305: 'argument': truncation from 'double' to 'float'
c:\users\daimen\documents\visual studio 2015\projects\gameengine\gameengine\player.cpp(33): warning C4305: 'argument': truncation from 'double' to 'float'
c:\users\daimen\documents\visual studio 2015\projects\gameengine\gameengine\player.cpp(35): warning C4305: 'argument': truncation from 'double' to 'float'
c:\users\daimen\documents\visual studio 2015\projects\gameengine\gameengine\player.cpp(36): warning C4305: 'argument': truncation from 'double' to 'float'
c:\users\daimen\documents\visual studio 2015\projects\gameengine\gameengine\player.cpp(37): warning C4305: 'argument': truncation from 'double' to 'float'
c:\users\daimen\documents\visual studio 2015\projects\gameengine\gameengine\player.cpp(38): warning C4305: 'argument': truncation from 'double' to 'float'
c:\users\daimen\documents\visual studio 2015\projects\gameengine\gameengine\player.cpp(39): warning C4305: 'argument': truncation from 'double' to 'float'
c:\users\daimen\documents\visual studio 2015\projects\gameengine\gameengine\player.cpp(40): warning C4305: 'argument': truncation from 'double' to 'float'
c:\users\daimen\documents\visual studio 2015\projects\gameengine\gameengine\player.cpp(41): warning C4305: 'argument': truncation from 'double' to 'float'
c:\users\daimen\documents\visual studio 2015\projects\gameengine\gameengine\player.cpp(42): warning C4305: 'argument': truncation from 'double' to 'float'
c:\users\daimen\documents\visual studio 2015\projects\gameengine\gameengine\player.cpp(44): warning C4305: 'argument': truncation from 'double' to 'float'
c:\users\daimen\documents\visual studio 2015\projects\gameengine\gameengine\player.cpp(45): warning C4305: 'argument': truncation from 'double' to 'float'
c:\users\daimen\documents\visual studio 2015\projects\gameengine\gameengine\player.cpp(46): warning C4305: 'argument': truncation from 'double' to 'float'
c:\users\daimen\documents\visual studio 2015\projects\gameengine\gameengine\player.cpp(47): warning C4305: 'argument': truncation from 'double' to 'float'
c:\users\daimen\documents\visual studio 2015\projects\gameengine\gameengine\player.cpp(48): warning C4305: 'argument': truncation from 'double' to 'float'
c:\users\daimen\documents\visual studio 2015\projects\gameengine\gameengine\player.cpp(49): warning C4305: 'argument': truncation from 'double' to 'float'
c:\users\daimen\documents\visual studio 2015\projects\gameengine\gameengine\player.cpp(50): warning C4305: 'argument': truncation from 'double' to 'float'
c:\users\daimen\documents\visual studio 2015\projects\gameengine\gameengine\player.cpp(51): warning C4305: 'argument': truncation from 'double' to 'float'
c:\users\daimen\documents\visual studio 2015\projects\gameengine\gameengine\player.cpp(53): warning C4305: 'argument': truncation from 'double' to 'float'
c:\users\daimen\documents\visual studio 2015\projects\gameengine\gameengine\player.cpp(54): warning C4305: 'argument': truncation from 'double' to 'float'
c:\users\daimen\documents\visual studio 2015\projects\gameengine\gameengine\player.cpp(55): warning C4305: 'argument': truncation from 'double' to 'float'
c:\users\daimen\documents\visual studio 2015\projects\gameengine\gameengine\player.cpp(56): warning C4305: 'argument': truncation from 'double' to 'float'
c:\users\daimen\documents\visual studio 2015\projects\gameengine\gameengine\player.cpp(57): warning C4305: 'argument': truncation from 'double' to 'float'
c:\users\daimen\documents\visual studio 2015\projects\gameengine\gameengine\player.cpp(58): warning C4305: 'argument': truncation from 'double' to 'float'
c:\users\daimen\documents\visual studio 2015\projects\gameengine\gameengine\player.cpp(59): warning C4305: 'argument': truncation from 'double' to 'float'
c:\users\daimen\documents\visual studio 2015\projects\gameengine\gameengine\player.cpp(60): warning C4305: 'argument': truncation from 'double' to 'float'
c:\users\daimen\documents\visual studio 2015\projects\gameengine\gameengine\player.cpp(62): warning C4305: 'argument': truncation from 'double' to 'float'
c:\users\daimen\documents\visual studio 2015\projects\gameengine\gameengine\player.cpp(63): warning C4305: 'argument': truncation from 'double' to 'float'
c:\users\daimen\documents\visual studio 2015\projects\gameengine\gameengine\player.cpp(64): warning C4305: 'argument': truncation from 'double' to 'float'
c:\users\daimen\documents\visual studio 2015\projects\gameengine\gameengine\player.cpp(65): warning C4305: 'argument': truncation from 'double' to 'float'
c:\users\daimen\documents\visual studio 2015\projects\gameengine\gameengine\player.cpp(66): warning C4305: 'argument': truncation from 'double' to 'float'
c:\users\daimen\documents\visual studio 2015\projects\gameengine\gameengine\player.cpp(67): warning C4305: 'argument': truncation from 'double' to 'float'
c:\users\daimen\documents\visual studio 2015\projects\gameengine\gameengine\player.cpp(68): warning C4305: 'argument': truncation from 'double' to 'float'
c:\users\daimen\documents\visual studio 2015\projects\gameengine\gameengine\player.cpp(69): warning C4305: 'argument': truncation from 'double' to 'float'
c:\users\daimen\documents\visual studio 2015\projects\gameengine\gameengine\player.cpp(72): warning C4305: 'argument': truncation from 'double' to 'float'
c:\users\daimen\documents\visual studio 2015\projects\gameengine\gameengine\player.cpp(73): warning C4305: 'argument': truncation from 'double' to 'float'
c:\users\daimen\documents\visual studio 2015\projects\gameengine\gameengine\player.cpp(74): warning C4305: 'argument': truncation from 'double' to 'float'
c:\users\daimen\documents\visual studio 2015\projects\gameengine\gameengine\player.cpp(75): warning C4305: 'argument': truncation from 'double' to 'float'
c:\users\daimen\documents\visual studio 2015\projects\gameengine\gameengine\player.cpp(76): warning C4305: 'argument': truncation from 'double' to 'float'
c:\users\daimen\documents\visual studio 2015\projects\gameengine\gameengine\player.cpp(77): warning C4305: 'argument': truncation from 'double' to 'float'
c:\users\daimen\documents\visual studio 2015\projects\gameengine\gameengine\player.cpp(78): warning C4305: 'argument': truncation from 'double' to 'float'
c:\users\daimen\documents\visual studio 2015\projects\gameengine\gameengine\player.cpp(79): warning C4305: 'argument': truncation from 'double' to 'float'
c:\users\daimen\documents\visual studio 2015\projects\gameengine\gameengine\player.cpp(187): warning C4305: '=': truncation from 'double' to 'float'
c:\users\daimen\documents\visual studio 2015\projects\gameengine\gameengine\player.cpp(189): warning C4305: '=': truncation from 'double' to 'float'
c:\users\daimen\documents\visual studio 2015\projects\gameengine\gameengine\player.cpp(191): warning C4305: '=': truncation from 'double' to 'float'
c:\users\daimen\documents\visual studio 2015\projects\gameengine\gameengine\player.cpp(193): warning C4305: '=': truncation from 'double' to 'float'
c:\users\daimen\documents\visual studio 2015\projects\gameengine\gameengine\player.cpp(206): warning C4305: '=': truncation from 'double' to 'float'
c:\users\daimen\documents\visual studio 2015\projects\gameengine\gameengine\player.cpp(208): warning C4305: '=': truncation from 'double' to 'float'
c:\users\daimen\documents\visual studio 2015\projects\gameengine\gameengine\player.cpp(210): warning C4305: '=': truncation from 'double' to 'float'
c:\users\daimen\documents\visual studio 2015\projects\gameengine\gameengine\player.cpp(212): warning C4305: '=': truncation from 'double' to 'float'
c:\users\daimen\documents\visual studio 2015\projects\gameengine\gameengine\player.cpp(253): warning C4305: '+=': truncation from 'double' to 'float'
c:\users\daimen\documents\visual studio 2015\projects\gameengine\gameengine\player.cpp(312): warning C4244: 'argument': conversion from 'int' to 'float', possible loss of data
  Game.cpp
  Controllable.cpp
  Generating Code...
  GameEngine.vcxproj -> C:\Users\Daimen\Documents\Visual Studio 2015\Projects\GameEngine\Debug\GameEngine.exe
  GameEngine.vcxproj -> C:\Users\Daimen\Documents\Visual Studio 2015\Projects\GameEngine\Debug\GameEngine.pdb (Partial PDB)
